TN:
SF:dist\cjs\index.js
FN:23,__esDecorate
FN:24,accept
FN:33,(anonymous_2)
FN:50,__runInitializers
FN:57,(anonymous_4)
FN:63,(anonymous_5)
FN:67,(anonymous_6)
FN:71,(anonymous_7)
FN:75,(anonymous_8)
FN:79,(anonymous_9)
FN:84,(anonymous_10)
FN:87,(anonymous_11)
FN:90,(anonymous_12)
FN:98,(anonymous_13)
FN:106,(anonymous_14)
FN:114,(anonymous_15)
FN:119,(anonymous_16)
FN:122,(anonymous_17)
FN:123,(anonymous_18)
FN:132,makeGuardDecorator
FN:133,(anonymous_20)
FN:135,(anonymous_21)
FN:137,(anonymous_22)
FN:149,(anonymous_23)
FN:159,(anonymous_24)
FN:160,(anonymous_25)
FN:161,(anonymous_26)
FN:166,(anonymous_27)
FN:170,(anonymous_28)
FN:185,(anonymous_29)
FN:193,(anonymous_30)
FN:199,(anonymous_31)
FN:206,(anonymous_32)
FN:209,(anonymous_33)
FN:210,(anonymous_34)
FN:217,(anonymous_35)
FN:219,(anonymous_36)
FN:219,(anonymous_37)
FNF:38
FNH:34
FNDA:1,__esDecorate
FNDA:2,accept
FNDA:0,(anonymous_2)
FNDA:1,__runInitializers
FNDA:0,(anonymous_4)
FNDA:1,(anonymous_5)
FNDA:2,(anonymous_6)
FNDA:1,(anonymous_7)
FNDA:5,(anonymous_8)
FNDA:1,(anonymous_9)
FNDA:1,(anonymous_10)
FNDA:25,(anonymous_11)
FNDA:2,(anonymous_12)
FNDA:2,(anonymous_13)
FNDA:2,(anonymous_14)
FNDA:19,(anonymous_15)
FNDA:1,(anonymous_16)
FNDA:1,(anonymous_17)
FNDA:1,(anonymous_18)
FNDA:2,makeGuardDecorator
FNDA:2,(anonymous_20)
FNDA:2,(anonymous_21)
FNDA:4,(anonymous_22)
FNDA:2,(anonymous_23)
FNDA:2,(anonymous_24)
FNDA:2,(anonymous_25)
FNDA:1,(anonymous_26)
FNDA:1,(anonymous_27)
FNDA:1,(anonymous_28)
FNDA:1,(anonymous_29)
FNDA:15,(anonymous_30)
FNDA:16,(anonymous_31)
FNDA:2,(anonymous_32)
FNDA:2,(anonymous_33)
FNDA:2,(anonymous_34)
FNDA:1,(anonymous_35)
FNDA:0,(anonymous_36)
FNDA:0,(anonymous_37)
DA:3,1
DA:4,1
DA:24,2
DA:25,1
DA:26,1
DA:27,1
DA:28,1
DA:29,1
DA:30,2
DA:31,10
DA:32,4
DA:33,2
DA:34,2
DA:35,2
DA:36,0
DA:37,0
DA:38,0
DA:39,0
DA:40,0
DA:42,2
DA:43,2
DA:44,2
DA:47,1
DA:48,1
DA:51,1
DA:52,1
DA:53,0
DA:55,1
DA:57,1
DA:58,0
DA:59,0
DA:64,1
DA:68,2
DA:72,1
DA:76,5
DA:80,1
DA:85,1
DA:88,25
DA:91,2
DA:92,2
DA:93,1
DA:95,2
DA:96,2
DA:99,2
DA:100,2
DA:101,1
DA:103,1
DA:104,1
DA:107,2
DA:108,2
DA:109,1
DA:111,1
DA:112,1
DA:116,19
DA:117,19
DA:121,1
DA:122,1
DA:123,1
DA:124,1
DA:126,1
DA:130,1
DA:133,2
DA:135,2
DA:136,2
DA:137,2
DA:138,4
DA:139,3
DA:142,1
DA:144,2
DA:149,2
DA:151,1
DA:152,1
DA:153,1
DA:154,1
DA:157,0
DA:159,2
DA:160,2
DA:161,1
DA:163,1
DA:165,1
DA:167,1
DA:168,1
DA:171,1
DA:172,1
DA:173,1
DA:174,1
DA:175,1
DA:176,1
DA:177,1
DA:180,0
DA:181,0
DA:182,0
DA:186,1
DA:187,1
DA:188,1
DA:190,1
DA:191,1
DA:194,15
DA:195,1
DA:197,14
DA:200,16
DA:201,1
DA:203,15
DA:204,15
DA:208,2
DA:209,2
DA:210,2
DA:211,2
DA:213,2
DA:218,1
DA:219,1
DA:223,1
DA:225,1
DA:226,1
LF:114
LH:102
BRDA:24,0,0,0
BRDA:24,0,1,2
BRDA:24,1,0,2
BRDA:24,1,1,2
BRDA:25,2,0,0
BRDA:25,2,1,1
BRDA:25,3,0,0
BRDA:25,3,1,1
BRDA:26,4,0,1
BRDA:26,4,1,0
BRDA:26,5,0,1
BRDA:26,5,1,1
BRDA:26,6,0,0
BRDA:26,6,1,1
BRDA:27,7,0,1
BRDA:27,7,1,1
BRDA:27,8,0,1
BRDA:27,8,1,0
BRDA:31,9,0,2
BRDA:31,9,1,8
BRDA:33,10,0,0
BRDA:33,10,1,0
BRDA:33,11,0,0
BRDA:33,11,1,0
BRDA:34,12,0,0
BRDA:34,12,1,2
BRDA:35,13,0,0
BRDA:35,13,1,2
BRDA:36,14,0,0
BRDA:36,14,1,0
BRDA:37,15,0,0
BRDA:37,15,1,0
BRDA:37,16,0,0
BRDA:37,16,1,0
BRDA:38,17,0,0
BRDA:38,17,1,0
BRDA:39,18,0,0
BRDA:39,18,1,0
BRDA:40,19,0,0
BRDA:40,19,1,0
BRDA:42,20,0,2
BRDA:42,20,1,0
BRDA:43,21,0,0
BRDA:43,21,1,2
BRDA:47,22,0,1
BRDA:47,22,1,0
BRDA:53,23,0,0
BRDA:53,23,1,0
BRDA:55,24,0,0
BRDA:55,24,1,1
BRDA:57,25,0,0
BRDA:57,25,1,1
BRDA:92,26,0,1
BRDA:92,26,1,1
BRDA:96,27,0,0
BRDA:96,27,1,2
BRDA:96,28,0,2
BRDA:96,28,1,2
BRDA:100,29,0,1
BRDA:100,29,1,1
BRDA:104,30,0,0
BRDA:104,30,1,1
BRDA:104,31,0,1
BRDA:104,31,1,1
BRDA:108,32,0,1
BRDA:108,32,1,1
BRDA:112,33,0,0
BRDA:112,33,1,1
BRDA:112,34,0,1
BRDA:112,34,1,1
BRDA:117,35,0,14
BRDA:117,35,1,5
BRDA:117,36,0,19
BRDA:117,36,1,19
BRDA:138,37,0,3
BRDA:138,37,1,1
BRDA:187,38,0,1
BRDA:187,38,1,0
BRDA:187,39,0,1
BRDA:187,39,1,1
BRDA:194,40,0,1
BRDA:194,40,1,14
BRDA:200,41,0,1
BRDA:200,41,1,15
BRF:84
BRH:49
end_of_record
